info it worked if it ends with ok
verbose cli [ 'node',
verbose cli   '/usr/local/bin/npm',
verbose cli   'install',
verbose cli   'bodydecoder' ]
info using npm@1.0.15
info using node@v0.4.9
verbose /usr/local/bin/node node symlink
verbose config file /Users/admin/.npmrc
verbose config file /usr/local/etc/npmrc
silly testEngine { name: 'bitcoin',
silly testEngine   description: 'Communicate with bitcoind via JSON-RPC',
silly testEngine   version: '1.0.1',
silly testEngine   main: './lib/bitcoin',
silly testEngine   keywords: [ 'bitcoin', 'rpc' ],
silly testEngine   author: 
silly testEngine    { name: 'Bill Casarin',
silly testEngine      email: 'bill@casarin.ca',
silly testEngine      url: 'jb55.com' },
silly testEngine   dependencies: { underscore: '>= 1.0.3' },
silly testEngine   repository: 
silly testEngine    { type: 'git',
silly testEngine      url: 'git://github.com/jb55/node-bitcoin.git' },
silly testEngine   _npmJsonOpts: 
silly testEngine    { file: '/Users/admin/BCCasino/BCCasino/node_modules/bitcoin/package.json',
silly testEngine      wscript: false,
silly testEngine      contributors: false,
silly testEngine      serverjs: false },
silly testEngine   _id: 'bitcoin@1.0.1',
silly testEngine   devDependencies: {},
silly testEngine   engines: { node: '*' },
silly testEngine   _engineSupported: true,
silly testEngine   _npmVersion: '1.0.15',
silly testEngine   _nodeVersion: 'v0.4.9',
silly testEngine   _defaultsLoaded: true }
verbose caching /Users/admin/BCCasino/BCCasino/node_modules/bitcoin/package.json
verbose loadDefaults bitcoin@1.0.1
silly testEngine { name: 'connect',
silly testEngine   version: '1.5.1',
silly testEngine   description: 'High performance middleware framework',
silly testEngine   keywords: [ 'framework', 'web', 'middleware', 'connect', 'rack' ],
silly testEngine   repository: 
silly testEngine    { type: 'git',
silly testEngine      url: 'git://github.com/senchalabs/connect.git' },
silly testEngine   author: 
silly testEngine    { name: 'TJ Holowaychuk',
silly testEngine      email: 'tj@vision-media.ca',
silly testEngine      url: 'http://tjholowaychuk.com' },
silly testEngine   dependencies: { qs: '>= 0.0.6', mime: '>= 0.0.1' },
silly testEngine   devDependencies: 
silly testEngine    { expresso: '0.7.6',
silly testEngine      koala: '0.1.2',
silly testEngine      less: '1.1.1',
silly testEngine      sass: '0.5.0',
silly testEngine      markdown: '0.2.1',
silly testEngine      ejs: '0.4.3',
silly testEngine      should: '0.2.1' },
silly testEngine   main: 'index',
silly testEngine   engines: { node: '>= 0.4.1 < 0.5.0' },
silly testEngine   _npmJsonOpts: 
silly testEngine    { file: '/Users/admin/BCCasino/BCCasino/node_modules/connect/package.json',
silly testEngine      wscript: false,
silly testEngine      contributors: false,
silly testEngine      serverjs: false },
silly testEngine   _id: 'connect@1.5.1',
silly testEngine   _engineSupported: true,
silly testEngine   _npmVersion: '1.0.15',
silly testEngine   _nodeVersion: 'v0.4.9',
silly testEngine   _defaultsLoaded: true }
verbose caching /Users/admin/BCCasino/BCCasino/node_modules/connect/package.json
verbose loadDefaults connect@1.5.1
silly testEngine { name: 'ejs',
silly testEngine   description: 'Embedded JavaScript templates',
silly testEngine   version: '0.4.3',
silly testEngine   author: 
silly testEngine    { name: 'TJ Holowaychuk',
silly testEngine      email: 'tj@vision-media.ca' },
silly testEngine   keywords: [ 'template', 'engine', 'ejs' ],
silly testEngine   main: './lib/ejs.js',
silly testEngine   _npmJsonOpts: 
silly testEngine    { file: '/Users/admin/BCCasino/BCCasino/node_modules/ejs/package.json',
silly testEngine      wscript: false,
silly testEngine      contributors: false,
silly testEngine      serverjs: false },
silly testEngine   _id: 'ejs@0.4.3',
silly testEngine   dependencies: {},
silly testEngine   devDependencies: {},
silly testEngine   engines: { node: '*' },
silly testEngine   _engineSupported: true,
silly testEngine   _npmVersion: '1.0.15',
silly testEngine   _nodeVersion: 'v0.4.9',
silly testEngine   _defaultsLoaded: true }
verbose caching /Users/admin/BCCasino/BCCasino/node_modules/ejs/package.json
verbose loadDefaults ejs@0.4.3
silly testEngine { name: 'express',
silly testEngine   description: 'Sinatra inspired web development framework',
silly testEngine   version: '2.4.0',
silly testEngine   author: 
silly testEngine    { name: 'TJ Holowaychuk',
silly testEngine      email: 'tj@vision-media.ca' },
silly testEngine   contributors: 
silly testEngine    [ { name: 'TJ Holowaychuk',
silly testEngine        email: 'tj@vision-media.ca' },
silly testEngine      { name: 'Aaron Heckmann',
silly testEngine        email: 'aaron.heckmann+github@gmail.com' },
silly testEngine      { name: 'Ciaran Jessup', email: 'ciaranj@gmail.com' },
silly testEngine      { name: 'Guillermo Rauch', email: 'rauchg@gmail.com' } ],
silly testEngine   dependencies: 
silly testEngine    { connect: '>= 1.5.1 < 2.0.0',
silly testEngine      mime: '>= 0.0.1',
silly testEngine      qs: '>= 0.0.6' },
silly testEngine   devDependencies: 
silly testEngine    { 'connect-form': '0.2.1',
silly testEngine      ejs: '0.4.2',
silly testEngine      expresso: '0.7.2',
silly testEngine      hamljs: '0.5.1',
silly testEngine      jade: '0.11.0',
silly testEngine      stylus: '0.13.0',
silly testEngine      should: '0.2.1',
silly testEngine      'express-messages': '0.0.2',
silly testEngine      'node-markdown': '>= 0.0.1',
silly testEngine      'connect-redis': '>= 0.0.1' },
silly testEngine   keywords: [ 'framework', 'sinatra', 'web', 'rest', 'restful' ],
silly testEngine   repository: 
silly testEngine    { type: 'git',
silly testEngine      url: 'git://github.com/visionmedia/express.git' },
silly testEngine   main: 'index',
silly testEngine   bin: { express: './bin/express' },
silly testEngine   scripts: { test: 'make test', prepublish: 'npm prune' },
silly testEngine   engines: { node: '>= 0.4.1 < 0.5.0' },
silly testEngine   _npmJsonOpts: 
silly testEngine    { file: '/Users/admin/BCCasino/BCCasino/node_modules/express/package.json',
silly testEngine      wscript: false,
silly testEngine      contributors: false,
silly testEngine      serverjs: false },
silly testEngine   _id: 'express@2.4.0',
silly testEngine   _engineSupported: true,
silly testEngine   _npmVersion: '1.0.15',
silly testEngine   _nodeVersion: 'v0.4.9',
silly testEngine   _defaultsLoaded: true }
verbose caching /Users/admin/BCCasino/BCCasino/node_modules/express/package.json
verbose loadDefaults express@2.4.0
silly testEngine { engines: { node: '*' },
silly testEngine   repository: 
silly testEngine    { web: 'http://github.com/michaelsbradleyjr/Hash/tree',
silly testEngine      url: 'git://github.com/michaelsbradleyjr/Hash.git',
silly testEngine      type: 'git' },
silly testEngine   directories: { man: './man', lib: './lib', doc: './doc/mmd' },
silly testEngine   version: '0.06.0',
silly testEngine   dependencies: {},
silly testEngine   name: 'hash',
silly testEngine   author: 
silly testEngine    { name: 'Michael Bradley, Jr.',
silly testEngine      email: 'michaelsbradleyjr@gmail.com' },
silly testEngine   description: 'MD5 and SHA-256 cryptographic hash methods for JavaScript',
silly testEngine   main: 'lib/Task/Hash/Core',
silly testEngine   homepage: 'http://github.com/michaelsbradleyjr/Hash/tree',
silly testEngine   contributors: [],
silly testEngine   _npmJsonOpts: 
silly testEngine    { file: '/Users/admin/BCCasino/BCCasino/node_modules/hash/package.json',
silly testEngine      wscript: false,
silly testEngine      contributors: false,
silly testEngine      serverjs: false },
silly testEngine   _id: 'hash@0.06.0',
silly testEngine   devDependencies: {},
silly testEngine   _engineSupported: true,
silly testEngine   _npmVersion: '1.0.15',
silly testEngine   _nodeVersion: 'v0.4.9',
silly testEngine   _defaultsLoaded: true,
silly testEngine   man: [] }
verbose caching /Users/admin/BCCasino/BCCasino/node_modules/hash/package.json
verbose loadDefaults hash@0.06.0
silly testEngine { name: 'jade',
silly testEngine   description: 'Jade template engine',
silly testEngine   version: '0.12.4',
silly testEngine   author: 
silly testEngine    { name: 'TJ Holowaychuk',
silly testEngine      email: 'tj@vision-media.ca' },
silly testEngine   repository: 
silly testEngine    { type: 'git',
silly testEngine      url: 'git://github.com/visionmedia/jade.git' },
silly testEngine   main: './index.js',
silly testEngine   bin: { jade: './bin/jade' },
silly testEngine   devDependencies: 
silly testEngine    { expresso: '0.6.4',
silly testEngine      'coffee-script': '>= 0.0.1',
silly testEngine      sass: '>= 0.0.1',
silly testEngine      less: '>= 0.0.1',
silly testEngine      markdown: '>= 0.0.1',
silly testEngine      stylus: '>= 0.0.1' },
silly testEngine   scripts: { prepublish: 'npm prune' },
silly testEngine   engines: { node: '>= 0.1.98' },
silly testEngine   _npmJsonOpts: 
silly testEngine    { file: '/Users/admin/BCCasino/BCCasino/node_modules/jade/package.json',
silly testEngine      wscript: false,
silly testEngine      contributors: false,
silly testEngine      serverjs: false },
silly testEngine   _id: 'jade@0.12.4',
silly testEngine   dependencies: {},
silly testEngine   _engineSupported: true,
silly testEngine   _npmVersion: '1.0.15',
silly testEngine   _nodeVersion: 'v0.4.9',
silly testEngine   _defaultsLoaded: true }
verbose caching /Users/admin/BCCasino/BCCasino/node_modules/jade/package.json
verbose loadDefaults jade@0.12.4
silly testEngine { repository: 
silly testEngine    { web: 'http://github.com/Joose/Joose/tree',
silly testEngine      url: 'git://github.com/Joose/Joose.git',
silly testEngine      type: 'git' },
silly testEngine   directories: { man: './man', lib: './lib', doc: './doc/mmd' },
silly testEngine   version: '3.18.0',
silly testEngine   name: 'joose',
silly testEngine   author: 
silly testEngine    { name: 'Nickolay Platonov',
silly testEngine      email: 'nplatonov@cpan.org' },
silly testEngine   description: 'Post modern self-hosting meta object system for JavaScript with support for classes, inheritance, roles, traits, method modifiers and more.',
silly testEngine   main: 'lib/Task/Joose/Core',
silly testEngine   homepage: 'http://github.com/Joose/Joose/tree',
silly testEngine   contributors: [ { name: 'Malte Ubl' }, { name: 'Jeremy Wall' } ],
silly testEngine   scripts: { postactivate: '$SHELL __script/postactivate.sh' },
silly testEngine   _npmJsonOpts: 
silly testEngine    { file: '/Users/admin/BCCasino/BCCasino/node_modules/joose/package.json',
silly testEngine      wscript: false,
silly testEngine      contributors: false,
silly testEngine      serverjs: false },
silly testEngine   _id: 'joose@3.18.0',
silly testEngine   dependencies: {},
silly testEngine   devDependencies: {},
silly testEngine   engines: { node: '*' },
silly testEngine   _engineSupported: true,
silly testEngine   _npmVersion: '1.0.15',
silly testEngine   _nodeVersion: 'v0.4.9',
silly testEngine   _defaultsLoaded: true,
silly testEngine   man: [] }
verbose caching /Users/admin/BCCasino/BCCasino/node_modules/joose/package.json
verbose loadDefaults joose@3.18.0
silly testEngine { repository: 
silly testEngine    { web: 'http://github.com/SamuraiJack/JooseX-Namespace-Depended/tree',
silly testEngine      url: 'git://github.com/SamuraiJack/JooseX-Namespace-Depended.git',
silly testEngine      type: 'git' },
silly testEngine   directories: { man: './man', lib: './lib', doc: './doc/mmd' },
silly testEngine   version: '0.17.0',
silly testEngine   dependencies: 
silly testEngine    { joose: '>= 3.16.0',
silly testEngine      'joosex-meta-lazy': '>= 0.3.1',
silly testEngine      'joosex-simplerequest': '>= 0.2.1' },
silly testEngine   name: 'joosex-namespace-depended',
silly testEngine   author: 
silly testEngine    { name: 'Nickolay Platonov',
silly testEngine      email: 'nplatonov@cpan.org' },
silly testEngine   description: 'Cross-platform (browser/NodeJS), non-blocking, dependencies handling implementation, integrated with Joose3',
silly testEngine   main: 'lib/Task/JooseX/Namespace/Depended/NodeJS',
silly testEngine   homepage: 'http://github.com/SamuraiJack/JooseX-Namespace-Depended/tree',
silly testEngine   contributors: [],
silly testEngine   scripts: { postactivate: '$SHELL __script/postactivate.sh' },
silly testEngine   _npmJsonOpts: 
silly testEngine    { file: '/Users/admin/BCCasino/BCCasino/node_modules/joosex-namespace-depended/package.json',
silly testEngine      wscript: false,
silly testEngine      contributors: false,
silly testEngine      serverjs: false },
silly testEngine   _id: 'joosex-namespace-depended@0.17.0',
silly testEngine   devDependencies: {},
silly testEngine   engines: { node: '*' },
silly testEngine   _engineSupported: true,
silly testEngine   _npmVersion: '1.0.15',
silly testEngine   _nodeVersion: 'v0.4.9',
silly testEngine   _defaultsLoaded: true,
silly testEngine   man: [] }
verbose caching /Users/admin/BCCasino/BCCasino/node_modules/joosex-namespace-depended/package.json
verbose loadDefaults joosex-namespace-depended@0.17.0
silly testEngine { name: 'nib',
silly testEngine   description: 'Stylus mixins and utilities',
silly testEngine   version: '0.0.8',
silly testEngine   repository: 
silly testEngine    { type: 'git',
silly testEngine      url: 'git://github.com/visionmedia/tablet.git' },
silly testEngine   devDependencies: 
silly testEngine    { connect: '1.4.1',
silly testEngine      jade: '0.11.0',
silly testEngine      stylus: '0.13.x',
silly testEngine      canvas: '>= 0.0.1' },
silly testEngine   author: 
silly testEngine    { name: 'TJ Holowaychuk',
silly testEngine      email: 'tj@vision-media.ca' },
silly testEngine   main: 'lib/nib.js',
silly testEngine   engines: { node: '*' },
silly testEngine   _npmJsonOpts: 
silly testEngine    { file: '/Users/admin/BCCasino/BCCasino/node_modules/nib/package.json',
silly testEngine      wscript: false,
silly testEngine      contributors: false,
silly testEngine      serverjs: false },
silly testEngine   _id: 'nib@0.0.8',
silly testEngine   dependencies: {},
silly testEngine   _engineSupported: true,
silly testEngine   _npmVersion: '1.0.15',
silly testEngine   _nodeVersion: 'v0.4.9',
silly testEngine   _defaultsLoaded: true }
verbose caching /Users/admin/BCCasino/BCCasino/node_modules/nib/package.json
verbose loadDefaults nib@0.0.8
silly testEngine { name: 'socket.io',
silly testEngine   version: '0.7.6',
silly testEngine   description: 'Realtime apps made cross-browser & easy with a WebSocket-like API',
silly testEngine   homepage: 'http://socket.io',
silly testEngine   keywords: 
silly testEngine    [ 'websocket',
silly testEngine      'socket',
silly testEngine      'realtime',
silly testEngine      'socket.io',
silly testEngine      'comet',
silly testEngine      'ajax' ],
silly testEngine   author: 
silly testEngine    { name: 'Guillermo Rauch',
silly testEngine      email: 'guillermo@learnboost.com' },
silly testEngine   contributors: 
silly testEngine    [ { name: 'Guillermo Rauch', email: 'rauchg@gmail.com' },
silly testEngine      { name: 'Arnout Kazemier',
silly testEngine        email: 'info@3rd-eden.com' },
silly testEngine      { name: 'Vladimir Dronnikov',
silly testEngine        email: 'dronnikov@gmail.com' } ],
silly testEngine   repository: 
silly testEngine    { type: 'git',
silly testEngine      url: 'git://github.com/LearnBoost/Socket.IO-node.git' },
silly testEngine   dependencies: 
silly testEngine    { 'socket.io-client': '0.7.3',
silly testEngine      policyfile: '0.0.3',
silly testEngine      redis: '0.6.0' },
silly testEngine   devDependencies: { expresso: '0.7.7', should: '0.0.4' },
silly testEngine   main: 'index',
silly testEngine   engines: { node: '>= 0.4.0' },
silly testEngine   _npmJsonOpts: 
silly testEngine    { file: '/Users/admin/BCCasino/BCCasino/node_modules/socket.io/package.json',
silly testEngine      wscript: false,
silly testEngine      contributors: false,
silly testEngine      serverjs: false },
silly testEngine   _id: 'socket.io@0.7.6',
silly testEngine   _engineSupported: true,
silly testEngine   _npmVersion: '1.0.15',
silly testEngine   _nodeVersion: 'v0.4.9',
silly testEngine   _defaultsLoaded: true }
verbose caching /Users/admin/BCCasino/BCCasino/node_modules/socket.io/package.json
verbose loadDefaults socket.io@0.7.6
silly testEngine { name: 'stylus',
silly testEngine   description: 'Robust, expressive, and feature-rich CSS superset',
silly testEngine   version: '0.13.5',
silly testEngine   author: 
silly testEngine    { name: 'TJ Holowaychuk',
silly testEngine      email: 'tj@vision-media.ca' },
silly testEngine   keywords: 
silly testEngine    [ 'css',
silly testEngine      'parser',
silly testEngine      'style',
silly testEngine      'stylesheets',
silly testEngine      'jade',
silly testEngine      'language' ],
silly testEngine   repository: 
silly testEngine    { type: 'git',
silly testEngine      url: 'git://github.com/learnboost/stylus.git' },
silly testEngine   main: './index.js',
silly testEngine   engines: { node: '>= 0.2.4' },
silly testEngine   bin: { stylus: './bin/stylus' },
silly testEngine   scripts: { prepublish: 'npm prune' },
silly testEngine   dependencies: { cssom: '0.2.0', growl: '1.1.0' },
silly testEngine   _npmJsonOpts: 
silly testEngine    { file: '/Users/admin/BCCasino/BCCasino/node_modules/stylus/package.json',
silly testEngine      wscript: false,
silly testEngine      contributors: false,
silly testEngine      serverjs: false },
silly testEngine   _id: 'stylus@0.13.5',
silly testEngine   devDependencies: {},
silly testEngine   _engineSupported: true,
silly testEngine   _npmVersion: '1.0.15',
silly testEngine   _nodeVersion: 'v0.4.9',
silly testEngine   _defaultsLoaded: true }
verbose caching /Users/admin/BCCasino/BCCasino/node_modules/stylus/package.json
verbose loadDefaults stylus@0.13.5
verbose into /Users/admin/BCCasino/BCCasino [ 'bodydecoder' ]
verbose cache add [ 'bodydecoder', null ]
info addNamed [ 'bodydecoder', '' ]
verbose addNamed [ null, '' ]
verbose GET bodydecoder
verbose raw, before any munging bodydecoder
verbose url resolving [ 'http://registry.npmjs.org/', './bodydecoder' ]
verbose url resolved http://registry.npmjs.org/bodydecoder
verbose url parsed { protocol: 'http:',
verbose url parsed   slashes: true,
verbose url parsed   host: 'registry.npmjs.org',
verbose url parsed   hostname: 'registry.npmjs.org',
verbose url parsed   href: 'http://registry.npmjs.org/bodydecoder',
verbose url parsed   pathname: '/bodydecoder' }
verbose response http://registry.npmjs.org/bodydecoder
silly chunk {"error":"not_found","reason":"document not found"}
silly chunk 
silly get cb [ 404,
silly get cb   { server: 'CouchDB/1.1.0 (Erlang OTP/R14B03)',
silly get cb     date: 'Wed, 06 Jul 2011 00:23:03 GMT',
silly get cb     'content-type': 'application/json',
silly get cb     'content-length': '52',
silly get cb     'cache-control': 'must-revalidate' } ]
ERR! 404 'bodydecoder' is not in the npm registry.
ERR! 404 You should bug the author to publish it.
ERR! 404 Note that you can also install from a tarball or folder.
ERR! 
ERR! System Darwin 10.4.0
ERR! command "node" "/usr/local/bin/npm" "install" "bodydecoder"
verbose exit [ 1, true ]
